[21:18:34] [Client thread/INFO]: Setting user: Player193
[21:18:34] [Client thread/INFO]: (Session ID is token:0:Player193)
[21:18:36] [Client thread/INFO]: LWJGL Version: 2.9.1
[21:18:36] [Client thread/INFO]: Reloading ResourceManager: Default
[21:18:37] [Sound Library Loader/INFO]: Starting up SoundSystem...
[21:18:37] [Thread-6/INFO]: Initializing LWJGL OpenAL
[21:18:37] [Thread-6/INFO]: (The LWJGL binding of OpenAL.  For more information, see http://www.lwjgl.org)
[21:18:39] [Thread-6/INFO]: OpenAL initialized.
[21:18:39] [Sound Library Loader/INFO]: Sound engine started
[21:18:40] [Client thread/INFO]: Created: 512x512 textures-atlas
[21:18:47] [Server thread/INFO]: Starting integrated minecraft server version 1.8
[21:18:47] [Server thread/INFO]: Generating keypair
[21:18:47] [Server thread/INFO]: Preparing start region for level 0
[21:18:48] [Server thread/INFO]: Preparing spawn area: 64%
[21:18:49] [Server thread/INFO]: Changing view distance to 2, from 10
[21:18:49] [Server thread/INFO]: Player193[local:E:5d277840] logged in with entity id 1384 at (589.5653458603254, 72.43480642628109, 205.7873198473464)
[21:18:49] [Server thread/INFO]: Player193 joined the game
[21:19:49] [Client thread/ERROR]: Item entity 28656 has no item?!
[21:20:52] [Server thread/INFO]: Saving and pausing game...
[21:20:52] [Server thread/INFO]: Saving chunks for level 'mcpworld'/Overworld
[21:20:52] [Server thread/INFO]: Saving chunks for level 'mcpworld'/Nether
[21:20:52] [Server thread/INFO]: Saving chunks for level 'mcpworld'/The End
[21:20:54] [Server thread/INFO]: Saving and pausing game...
[21:20:54] [Server thread/INFO]: Saving chunks for level 'mcpworld'/Overworld
[21:20:54] [Server thread/INFO]: Saving chunks for level 'mcpworld'/Nether
[21:20:54] [Server thread/INFO]: Saving chunks for level 'mcpworld'/The End
[21:20:56] [Server thread/INFO]: Stopping server
[21:20:56] [Server thread/INFO]: Saving players
[21:20:56] [Server thread/INFO]: Saving worlds
[21:20:56] [Server thread/INFO]: Saving chunks for level 'mcpworld'/Overworld
[21:20:56] [Server thread/INFO]: Saving chunks for level 'mcpworld'/Nether
[21:20:56] [Server thread/INFO]: Saving chunks for level 'mcpworld'/The End
[21:20:56] [Client thread/INFO]: Stopping!
[21:20:56] [Client thread/INFO]: SoundSystem shutting down...
[21:20:56] [Client thread/WARN]: Author: Paul Lamb, www.paulscode.com
